e:\projects\meshsimple\debug\vc141.pdb
e:\projects\meshsimple\debug\vc141.idb
e:\projects\meshsimple\debug\vector4.obj
e:\projects\meshsimple\debug\vector3.obj
e:\projects\meshsimple\debug\simplification.obj
e:\projects\meshsimple\debug\pointset.obj
e:\projects\meshsimple\debug\point.obj
e:\projects\meshsimple\debug\pairheap.obj
e:\projects\meshsimple\debug\pair.obj
e:\projects\meshsimple\debug\mat4.obj
e:\projects\meshsimple\debug\main.obj
e:\projects\meshsimple\debug\face.obj
e:\projects\meshsimple\debug\meshsimple.exe
e:\projects\meshsimple\debug\meshsimple.ilk
e:\projects\meshsimple\debug\meshsimple.pdb
e:\projects\meshsimple\debug\out.obj
e:\projects\meshsimple\debug\out1.obj
e:\projects\meshsimple\debug\out2.obj
e:\projects\meshsimple\debug\meshsimple.tlog\cl.command.1.tlog
e:\projects\meshsimple\debug\meshsimple.tlog\cl.read.1.tlog
e:\projects\meshsimple\debug\meshsimple.tlog\cl.write.1.tlog
e:\projects\meshsimple\debug\meshsimple.tlog\link.command.1.tlog
e:\projects\meshsimple\debug\meshsimple.tlog\link.read.1.tlog
e:\projects\meshsimple\debug\meshsimple.tlog\link.write.1.tlog
